14/05/04 13:07:52 WARN util.NativeCodeLoader: Unable to load native-hadoop library for your platform... using builtin-java classes where applicable
14/05/04 13:07:52 INFO water.Water: Setting up and running MapReduce job in foreground, will wait for results.  {Verbose? true}
14/05/04 13:07:52 INFO Configuration.deprecation: session.id is deprecated. Instead, use dfs.metrics.session-id
14/05/04 13:07:52 INFO jvm.JvmMetrics: Initializing JVM Metrics with processName=JobTracker, sessionId=
14/05/04 13:07:53 WARN mapreduce.JobSubmitter: No job jar file set.  User classes may not be found. See Job or Job#setJar(String).
14/05/04 13:07:54 INFO splitter.StandaloneMongoSplitter: Running splitvector to check splits against mongodb://localhost:27017/mongo_hadoop.UWMP.in
14/05/04 13:07:54 WARN splitter.StandaloneMongoSplitter: WARNING: No Input Splits were calculated by the split code. Proceeding with a *single* split. Data may be too small, try lowering 'mongo.input.split_size' if this is undesirable.
14/05/04 13:07:54 INFO splitter.MongoCollectionSplitter: Created split: min=null, max= null
14/05/04 13:07:54 INFO mapreduce.JobSubmitter: number of splits:1
14/05/04 13:07:54 INFO Configuration.deprecation: user.name is deprecated. Instead, use mapreduce.job.user.name
14/05/04 13:07:54 INFO Configuration.deprecation: mapred.output.value.class is deprecated. Instead, use mapreduce.job.output.value.class
14/05/04 13:07:54 INFO Configuration.deprecation: mapreduce.map.class is deprecated. Instead, use mapreduce.job.map.class
14/05/04 13:07:54 INFO Configuration.deprecation: mapred.job.name is deprecated. Instead, use mapreduce.job.name
14/05/04 13:07:54 INFO Configuration.deprecation: mapreduce.reduce.class is deprecated. Instead, use mapreduce.job.reduce.class
14/05/04 13:07:54 INFO Configuration.deprecation: mapreduce.inputformat.class is deprecated. Instead, use mapreduce.job.inputformat.class
14/05/04 13:07:54 INFO Configuration.deprecation: mapreduce.outputformat.class is deprecated. Instead, use mapreduce.job.outputformat.class
14/05/04 13:07:54 INFO Configuration.deprecation: mapred.map.tasks is deprecated. Instead, use mapreduce.job.maps
14/05/04 13:07:54 INFO Configuration.deprecation: mapred.output.key.class is deprecated. Instead, use mapreduce.job.output.key.class
14/05/04 13:07:54 INFO Configuration.deprecation: mapred.working.dir is deprecated. Instead, use mapreduce.job.working.dir
14/05/04 13:07:54 INFO mapreduce.JobSubmitter: Submitting tokens for job: job_local917999449_0001
14/05/04 13:07:54 WARN conf.Configuration: file:/tmp/hadoop-dpham/mapred/staging/dpham917999449/.staging/job_local917999449_0001/job.xml:an attempt to override final parameter: mapreduce.job.end-notification.max.retry.interval;  Ignoring.
14/05/04 13:07:54 WARN conf.Configuration: file:/tmp/hadoop-dpham/mapred/staging/dpham917999449/.staging/job_local917999449_0001/job.xml:an attempt to override final parameter: mapreduce.job.end-notification.max.attempts;  Ignoring.
14/05/04 13:07:55 WARN conf.Configuration: file:/tmp/hadoop-dpham/mapred/local/localRunner/dpham/job_local917999449_0001/job_local917999449_0001.xml:an attempt to override final parameter: mapreduce.job.end-notification.max.retry.interval;  Ignoring.
14/05/04 13:07:55 WARN conf.Configuration: file:/tmp/hadoop-dpham/mapred/local/localRunner/dpham/job_local917999449_0001/job_local917999449_0001.xml:an attempt to override final parameter: mapreduce.job.end-notification.max.attempts;  Ignoring.
14/05/04 13:07:55 INFO mapreduce.Job: The url to track the job: http://localhost:8080/
14/05/04 13:07:55 INFO mapreduce.Job: Running job: job_local917999449_0001
14/05/04 13:07:55 INFO mapred.LocalJobRunner: OutputCommitter set in config null
14/05/04 13:07:55 INFO mapred.LocalJobRunner: OutputCommitter is com.mongodb.hadoop.output.MongoOutputCommitter
14/05/04 13:07:55 INFO output.MongoOutputCommitter: Setting up job.
14/05/04 13:07:55 INFO mapred.LocalJobRunner: Waiting for map tasks
14/05/04 13:07:55 INFO mapred.LocalJobRunner: Starting task: attempt_local917999449_0001_m_000000_0
14/05/04 13:07:55 INFO output.MongoOutputCommitter: Setting up task.
14/05/04 13:07:55 INFO mapred.Task:  Using ResourceCalculatorProcessTree : [ ]
14/05/04 13:07:55 INFO mapred.MapTask: Processing split: MongoInputSplit{URI=mongodb://localhost:27017/mongo_hadoop.UWMP.in, authURI=null, min={ }, max={ }, query={ }, sort={ }, fields={ }, notimeout=false}
14/05/04 13:07:55 INFO mapred.MapTask: Map output collector class = org.apache.hadoop.mapred.MapTask$MapOutputBuffer
14/05/04 13:07:55 INFO mapred.MapTask: (EQUATOR) 0 kvi 26214396(104857584)
14/05/04 13:07:55 INFO mapred.MapTask: mapreduce.task.io.sort.mb: 100
14/05/04 13:07:55 INFO mapred.MapTask: soft limit at 83886080
14/05/04 13:07:55 INFO mapred.MapTask: bufstart = 0; bufvoid = 104857600
14/05/04 13:07:55 INFO mapred.MapTask: kvstart = 26214396; length = 6553600
14/05/04 13:07:55 INFO input.MongoRecordReader: Read 360.0 documents from:
14/05/04 13:07:55 INFO input.MongoRecordReader: MongoInputSplit{URI=mongodb://localhost:27017/mongo_hadoop.UWMP.in, authURI=null, min={ }, max={ }, query={ }, sort={ }, fields={ }, notimeout=false}
14/05/04 13:07:55 INFO mapred.LocalJobRunner: 
14/05/04 13:07:55 INFO mapred.MapTask: Starting flush of map output
14/05/04 13:07:55 INFO mapred.MapTask: Spilling map output
14/05/04 13:07:55 INFO mapred.MapTask: bufstart = 0; bufend = 4680; bufvoid = 104857600
14/05/04 13:07:55 INFO mapred.MapTask: kvstart = 26214396(104857584); kvend = 26212960(104851840); length = 1437/6553600
14/05/04 13:07:55 INFO mapred.MapTask: Finished spill 0
14/05/04 13:07:55 INFO mapred.Task: Task:attempt_local917999449_0001_m_000000_0 is done. And is in the process of committing
14/05/04 13:07:55 INFO mapred.LocalJobRunner: 
14/05/04 13:07:55 INFO mapred.Task: Task attempt_local917999449_0001_m_000000_0 is allowed to commit now
14/05/04 13:07:55 INFO output.MongoOutputCommitter: Committing task.
14/05/04 13:07:55 INFO mapred.LocalJobRunner: map
14/05/04 13:07:55 INFO mapred.Task: Task 'attempt_local917999449_0001_m_000000_0' done.
14/05/04 13:07:55 INFO mapred.LocalJobRunner: Finishing task: attempt_local917999449_0001_m_000000_0
14/05/04 13:07:55 INFO mapred.LocalJobRunner: Map task executor complete.
14/05/04 13:07:55 INFO output.MongoOutputCommitter: Setting up task.
14/05/04 13:07:55 INFO mapred.Task:  Using ResourceCalculatorProcessTree : [ ]
14/05/04 13:07:55 INFO mapred.Merger: Merging 1 sorted segments
14/05/04 13:07:55 INFO mapred.Merger: Down to the last merge-pass, with 1 segments left of total size: 5391 bytes
14/05/04 13:07:55 INFO mapred.LocalJobRunner: 
14/05/04 13:07:55 INFO Configuration.deprecation: mapred.skip.on is deprecated. Instead, use mapreduce.job.skiprecords
14/05/04 13:07:56 INFO mapreduce.Job: Job job_local917999449_0001 running in uber mode : false
14/05/04 13:07:56 INFO mapreduce.Job:  map 100% reduce 0%
14/05/04 13:07:56 INFO mapred.Task: Task:attempt_local917999449_0001_r_000000_0 is done. And is in the process of committing
14/05/04 13:07:56 INFO mapred.LocalJobRunner: 
14/05/04 13:07:56 INFO mapred.Task: Task attempt_local917999449_0001_r_000000_0 is allowed to commit now
14/05/04 13:07:56 INFO output.MongoOutputCommitter: Committing task.
14/05/04 13:07:56 INFO mapred.LocalJobRunner: reduce > reduce
14/05/04 13:07:56 INFO mapred.Task: Task 'attempt_local917999449_0001_r_000000_0' done.
14/05/04 13:07:56 INFO output.MongoOutputCommitter: Cleaning up job.
14/05/04 13:07:57 INFO mapreduce.Job:  map 100% reduce 100%
14/05/04 13:07:57 INFO mapreduce.Job: Job job_local917999449_0001 completed successfully
14/05/04 13:07:57 INFO mapreduce.Job: Counters: 32
	File System Counters
		FILE: Number of bytes read=5946
		FILE: Number of bytes written=388210
		FILE: Number of read operations=0
		FILE: Number of large read operations=0
		FILE: Number of write operations=0
		HDFS: Number of bytes read=0
		HDFS: Number of bytes written=0
		HDFS: Number of read operations=0
		HDFS: Number of large read operations=0
		HDFS: Number of write operations=0
	Map-Reduce Framework
		Map input records=360
		Map output records=360
		Map output bytes=4680
		Map output materialized bytes=5406
		Input split bytes=202
		Combine input records=0
		Combine output records=0
		Reduce input groups=4
		Reduce shuffle bytes=0
		Reduce input records=360
		Reduce output records=4
		Spilled Records=720
		Shuffled Maps =0
		Failed Shuffles=0
		Merged Map outputs=0
		GC time elapsed (ms)=74
		CPU time spent (ms)=0
		Physical memory (bytes) snapshot=0
		Virtual memory (bytes) snapshot=0
		Total committed heap usage (bytes)=273424384
	File Input Format Counters 
		Bytes Read=0
	File Output Format Counters 
		Bytes Written=0
